www.google.com
www.google.com
ocsp.pki.goog
ocsp.pki.goog
fonts.gstatic.com
fonts.gstatic.com
www.gstatic.com
www.gstatic.com
ocsp.pki.goog
ocsp.pki.goog
apis.google.com
apis.google.com
lh5.googleusercontent.com
lh5.googleusercontent.com
safebrowsing.googleapis.com
play.google.com
play.google.com
maps.googleapis.com
maps.googleapis.com
adservice.google.com
adservice.google.com
encrypted-tbn0.gstatic.com
encrypted-tbn0.gstatic.com
adservice.google.ru
adservice.google.ru
googleads.g.doubleclick.net
googleads.g.doubleclick.net
fonts.googleapis.com
fonts.googleapis.com
www.pokerstars.eu
www.pokerstars.eu
maps.gstatic.com
maps.gstatic.com
licey-ulgtu.ru
licey-ulgtu.ru
licey-ulgtu.ru
licey-ulgtu.ru
www.googletagmanager.com
www.googletagmanager.com
safebrowsing.googleapis.com
yscaniovi.com
yscaniovi.com
vulkanbet.zone
vulkanbet.zone
maxbetchampions.com
maxbetchampions.com
maxbetchampions.com
maxbetchampions.com
login4play.com
login4play.com
maxbetchampions.com
maxbetchampions.com
maxbetchampions.com
maxbetchampions.com
widget.yhelper.net
widget.yhelper.net
mbs.cookie-master2.com
mbs.cookie-master2.com
a.maxbetchampions.com
a.maxbetchampions.com
www.googletagmanager.com
cdn.datpix.net
www.googletagmanager.com
cdn.datpix.net
fonts.googleapis.com
fonts.googleapis.com
chat.prod.yhelper.net
chat.prod.yhelper.net
chat.prod.yhelper.net
chat.prod.yhelper.net
fonts.gstatic.com
fonts.gstatic.com
r3.o.lencr.org
r3.o.lencr.org
www.google.com
www.google.com
fonts.gstatic.com
fonts.gstatic.com
www.gstatic.com
www.gstatic.com
id.google.com
id.google.com
apis.google.com
apis.google.com
play.google.com
play.google.com
adservice.google.com
adservice.google.com
googleads.g.doubleclick.net
googleads.g.doubleclick.net
www.utorrent.com
www.utorrent.com
www.googletagmanager.com
www.googletagmanager.com
p.typekit.net
p.typekit.net
download-new.utorrent.com
download-new.utorrent.com
use.typekit.net
use.typekit.net
sdk.privacy-center.org
sdk.privacy-center.org
analytics.google.com
www.google.ru
analytics.google.com
www.google.ru
ocsp.godaddy.com
ocsp.godaddy.com
www.dvdvideosoft.com
www.dvdvideosoft.com
www.googletagmanager.com
www.googletagmanager.com
www.softportal.com
www.softportal.com
apis.google.com
fonts.googleapis.com
apis.google.com
fonts.googleapis.com
normandy.cdn.mozilla.net
normandy.cdn.mozilla.net
r3.o.lencr.org
classify-client.services.mozilla.com
classify-client.services.mozilla.com
download.adguard.com
download.adguard.com
content-signature-2.cdn.mozilla.net
content-signature-2.cdn.mozilla.net
sb-ssl.google.com
sb-ssl.google.com
telamoncleaner.ru
telamoncleaner.ru
dwnld4.telamoncleaner.ru
dwnld4.telamoncleaner.ru
www.exploit-db.com
www.exploit-db.com
ocsp.starfieldtech.com
ocsp.starfieldtech.com
consent.cookiebot.com
consent.cookiebot.com
consentcdn.cookiebot.com
consentcdn.cookiebot.com
fonts.googleapis.com
fonts.googleapis.com
fonts.gstatic.com
fonts.gstatic.com
www.google.com
www.google.com
fonts.gstatic.com
fonts.gstatic.com
www.gstatic.com
www.gstatic.com
i.ytimg.com
i.ytimg.com
ocsp.pki.goog
apis.google.com
apis.google.com
adservice.google.com
adservice.google.com
play.google.com
play.google.com
googleads.g.doubleclick.net
googleads.g.doubleclick.net
encrypted-tbn0.gstatic.com
encrypted-tbn0.gstatic.com
www.youtube.com
www.youtube.com
encrypted-tbn2.gstatic.com
encrypted-tbn2.gstatic.com
encrypted-tbn1.gstatic.com
encrypted-tbn1.gstatic.com
encrypted-tbn3.gstatic.com
encrypted-tbn3.gstatic.com
www.plex.tv
static.doubleclick.net
static.doubleclick.net
www.plex.tv
jnn-pa.googleapis.com
jnn-pa.googleapis.com
fonts.googleapis.com
fonts.googleapis.com
www.googletagmanager.com
www.googletagmanager.com
cdn.transifex.com
cdn.transifex.com
analytics.plex.tv
analytics.plex.tv
plex.tv
plex.tv
ocsp.digicert.com
ocsp.digicert.com
live-detector.svc.transifex.net
live-detector.svc.transifex.net
accounts.google.com
accounts.google.com
ocsp.r2m01.amazontrust.com
ocsp.r2m01.amazontrust.com
fonts.gstatic.com
fonts.gstatic.com
play.google.com
play.google.com
www.justwatch.com
safebrowsing.googleapis.com
www.justwatch.com
sentry.justwatch.com
sentry.justwatch.com
images.justwatch.com
images.justwatch.com
ocsp.sectigo.com
ocsp.sectigo.com
i.tw.cx
i.tw.cx
ocsp.sectigo.com
ocsp.sectigo.com
apis.justwatch.com
apis.justwatch.com
analytics.tiktok.com
analytics.tiktok.com
www.googletagmanager.com
www.googletagmanager.com
sp.justwatch.com
sp.justwatch.com
safebrowsing.googleapis.com
img.youtube.com
img.youtube.com
cdn-a.yieldlove.com
cdn-a.yieldlove.com
cdn.jsdelivr.net
cdn.jsdelivr.net
www.google.com
www.google.com
fonts.gstatic.com
fonts.gstatic.com
www.gstatic.com
www.gstatic.com
apis.google.com
apis.google.com
adservice.google.com
adservice.google.com
play.google.com
play.google.com
googleads.g.doubleclick.net
googleads.g.doubleclick.net
www.googletagmanager.com
www.googletagmanager.com
cdn1-smallimg.phncdn.com
ss.phncdn.com
cdn1-smallimg.phncdn.com
ss.phncdn.com
ei.phncdn.com
ei.phncdn.com
safebrowsing.googleapis.com
ocsp.sectigo.com
ocsp.sectigo.com
a.realsrv.com
a.realsrv.com
syndication.realsrv.com
syndication.realsrv.com
s3t3d2y8.afcdn.net
s3t3d2y8.afcdn.net
banners-cdn77.trafficfactory.biz
banners-cdn77.trafficfactory.biz
live-screencaps.vscdns.com
live-screencaps.vscdns.com
contile.services.mozilla.com
sentry.justwatch.com
sentry.justwatch.com
apis.justwatch.com
apis.justwatch.com
sp.justwatch.com
sp.justwatch.com
i.ytimg.com
i.ytimg.com
encrypted-tbn0.gstatic.com
encrypted-tbn0.gstatic.com
encrypted-tbn2.gstatic.com
encrypted-tbn2.gstatic.com
www.youtube.com
www.youtube.com
encrypted-tbn1.gstatic.com
encrypted-tbn1.gstatic.com
encrypted-tbn3.gstatic.com
encrypted-tbn3.gstatic.com
static.doubleclick.net
static.doubleclick.net
jnn-pa.googleapis.com
jnn-pa.googleapis.com
encrypted-vtbn0.gstatic.com
encrypted-vtbn0.gstatic.com
www.yidio.com
www.yidio.com
www.googletagmanager.com
www.googletagmanager.com
cfm.yidio.com
cfm.yidio.com
cdn.boomtrain.com
cdn.boomtrain.com
static.cloudflareinsights.com
static.cloudflareinsights.com
people.api.boomtrain.com
people.api.boomtrain.com
ocsp.r2m02.amazontrust.com
ocsp.r2m02.amazontrust.com
events.api.boomtrain.com
events.api.boomtrain.com
onsite.boomtrain.net
safebrowsing.googleapis.com
onsite.boomtrain.net
ocsp.r2m01.amazontrust.com
ocsp.r2m01.amazontrust.com
safebrowsing.googleapis.com
www.gstatic.com
www.gstatic.com
www.ad-system.ru
www.ad-system.ru
r3.o.lencr.org
r3.o.lencr.org
www.googletagmanager.com
www.googletagmanager.com
fonts.gstatic.com
fonts.gstatic.com
apis.google.com
apis.google.com
safebrowsing.googleapis.com
ads.vk.com
ads.vk.com
ocsp2.globalsign.com
ocsp2.globalsign.com
r.mradx.net
r.mradx.net
ocsp.globalsign.com
ocsp.globalsign.com
fonts.gstatic.com
fonts.gstatic.com
ocsp.pki.goog
www.googletagmanager.com
www.googletagmanager.com
vk.com
vk.com
analytics.google.com
analytics.google.com
www.google.ru
www.google.ru
lh5.googleusercontent.com
lh5.googleusercontent.com
amigo.ru
amigo.ru
maps.googleapis.com
maps.googleapis.com
fonts.googleapis.com
fonts.googleapis.com
code-ya.jivosite.com
code-ya.jivosite.com
www.google.com
www.google.com
ocsp.godaddy.com
ocsp.godaddy.com
fonts.gstatic.com
fonts.gstatic.com
www.googletagmanager.com
www.googletagmanager.com
www.gstatic.com
cloud.roistat.com
www.gstatic.com
cloud.roistat.com
bitrix.info
bitrix.info
fonts.googleapis.com
fonts.googleapis.com
amigo.mail.ru
amigo.mail.ru
safebrowsing.googleapis.com
1l-hit.mail.ru
1l-hit.mail.ru
top-fwz1.mail.ru
top-fwz1.mail.ru
firefox.settings.services.mozilla.com
context.reverso.net
context.reverso.net
cdn.reverso.net
cdn.reverso.net
sdk.privacy-center.org
sdk.privacy-center.org
cdn.confiant-integrations.net
optiyield.opti-digital.com
cdn.confiant-integrations.net
optiyield.opti-digital.com
get.geojs.io
get.geojs.io
www.googletagmanager.com
www.googletagmanager.com
cdn.jsdelivr.net
cdn.jsdelivr.net
boot.pbstck.com
boot.pbstck.com
cdn.pbstck.com
cdn.pbstck.com
refresh.pbstck.com
script.4dex.io
refresh.pbstck.com
script.4dex.io
mp.4dex.io
mp.4dex.io
ib.adnxs.com
ib.adnxs.com
c2shb.ssp.yahoo.com
c2shb.ssp.yahoo.com
ocsp.digicert.com
ocsp.digicert.com
safebrowsing.googleapis.com
freesoft.ru
freesoft.ru
newrrb.bid
yandex.ru
newrrb.bid
s.luxcdn.com
yandex.ru
s.luxcdn.com
www.googletagmanager.com
www.googletagmanager.com
ocsp.globalsign.com
ads.digitalcaramel.com
ads.digitalcaramel.com
yastatic.net
yastatic.net
www.acint.net
www.acint.net
luxcdn.com
luxcdn.com
ssp.bidvol.com
yhb.p.otm-r.com
yhb.p.otm-r.com
ssp.bidvol.com
ssp-rtb.sape.ru
ssp-rtb.sape.ru
exchange.buzzoola.com
exchange.buzzoola.com
hbe199.hybrid.ai
hbe199.hybrid.ai
exchange.buzzoola.com
kdmttk.com
exchange.buzzoola.com
ocsp.globalsign.com
kdmttk.com
newrrb.bid
newrrb.bid
newrrb.bid
newrrb.bid
r3.o.lencr.org
ocsp.sectigo.com
ocsp.sectigo.com
www.google.com
www.google.com
www.gstatic.com
www.gstatic.com
fonts.gstatic.com
fonts.gstatic.com
storage.mds.yandex.net
storage.mds.yandex.net
a.utraff.com
a.utraff.com
dm-eu.hybrid.ai
dm-eu.hybrid.ai
sync.dmp.otm-r.com
sync.upravel.com
sync.dmp.otm-r.com
sync.dmp.otm-r.com
ssp.bestssp.com
sync.upravel.com
sync.dmp.otm-r.com
ssp.bestssp.com
sync.adspend.space
sync.adspend.space
sync.dmp.otm-r.com
sync.1dmp.io
sync.1dmp.io
ads.adlook.me
ads.adlook.me
s.uuidksinc.net
s.uuidksinc.net
match.new-programmatic.com
match.new-programmatic.com
sync.gonet-ads.com
sync.dmp.otm-r.com
sync.gonet-ads.com
sync.bumlam.com
pix.bumlam.com
sync.bumlam.com
pix.bumlam.com
nr.bidderstack.com
nr.bidderstack.com
cs.agency2.ru
sp.ohmy.bid
cs.agency2.ru
sp.ohmy.bid
sync.programmatica.com
sync.programmatica.com
adx.com.ru
kimberlite.io
adx.com.ru
kimberlite.io
acint.net
acint.net
r3.o.lencr.org
ocsp2.globalsign.com
ocsp2.globalsign.com
54562f12-c802-11ed-a1c4-002590c82437.n5.sync.bumlam.com
54562f12-c802-11ed-a1c4-002590c82437.n5.sync.bumlam.com
cdn.jsdelivr.net
cdn.jsdelivr.net
avatars.mds.yandex.net
favicon.yandex.net
avatars.mds.yandex.net
favicon.yandex.net
mc.webvisor.org
mc.webvisor.org
mc.yandex.md
mc.yandex.md
www.google.com
www.google.com
fonts.gstatic.com
fonts.gstatic.com
www.gstatic.com
www.gstatic.com
apis.google.com
apis.google.com
adservice.google.com
adservice.google.com
play.google.com
play.google.com
googleads.g.doubleclick.net
googleads.g.doubleclick.net
download.cnet.com
download.cnet.com
at.adtech.redventures.io
at.adtech.redventures.io
cdn.cookielaw.org
cdn.cookielaw.org
o348491.ingest.sentry.io
o348491.ingest.sentry.io
cdn.confiant-integrations.net
cdn.confiant-integrations.net
r3.o.lencr.org
r3.o.lencr.org
js-sec.indexww.com
js-sec.indexww.com
cdn.cohesionapps.com
cdn.cohesionapps.com
ib.adnxs.com
ib.adnxs.com
c2shb.ssp.yahoo.com
c2shb.ssp.yahoo.com
ingest.make.rvapps.io
ingest.make.rvapps.io
monarch.cohesionapps.com
monarch.cohesionapps.com
ocsp.r2m01.amazontrust.com
ocsp.r2m01.amazontrust.com
ocsp.r2m01.amazontrust.com
ocsp.r2m01.amazontrust.com
privacyportal.onetrust.com
privacyportal.onetrust.com
aus5.mozilla.org
aus5.mozilla.org
ocsp.digicert.com
ocsp.digicert.com
content-signature-2.cdn.mozilla.net
content-signature-2.cdn.mozilla.net
redventures.com
redventures.com
ocsp.r2m02.amazontrust.com
ocsp.r2m02.amazontrust.com
www.redventures.com
www.redventures.com
www.googletagmanager.com
www.googletagmanager.com
filehippo.com
filehippo.com
ocsp.sectigo.com
ocsp.sectigo.com
ocsp.sectigo.com
ocsp.sectigo.com
services.addons.mozilla.org
versioncheck-bg.addons.mozilla.org
versioncheck-bg.addons.mozilla.org
www.freesoft-download.narod.ru
www.freesoft-download.narod.ru
www.freesoft-download.narod.ru
www.freesoft-download.narod.ru
s207.ucoz.net
s207.ucoz.net
clicktimes.bid
clicktimes.bid
ads.adlook.me
ads.adlook.me
code.jquery.com
code.jquery.com
cdn.adlook.me
cdn.adlook.me
stat.adlook.me
stat.adlook.me
www.acint.net
www.acint.net
sync.dmp.otm-r.com
sync.dmp.otm-r.com
sync.dmp.otm-r.com
sync.dmp.otm-r.com
sync.dmp.otm-r.com
sync.dmp.otm-r.com
exchange.buzzoola.com
exchange.buzzoola.com
exchange.buzzoola.com
exchange.buzzoola.com
utraff.com
utraff.com
cdn-rtb.sape.ru
cdn-rtb.sape.ru
ocsp2.globalsign.com
ocsp2.globalsign.com
tube.buzzoola.com
tube.buzzoola.com
safebrowsing.googleapis.com
showjet.tv
showjet.tv
www.googletagmanager.com
www.googletagmanager.com
fonts.googleapis.com
fonts.googleapis.com
imasdk.googleapis.com
imasdk.googleapis.com
st-01.showjet.ru
st-01.showjet.ru
ssp-rtb.sape.ru
ssp-rtb.sape.ru
acint.net
acint.net
csi.gstatic.com
csi.gstatic.com
a.utraff.com
a.utraff.com
dm-eu.hybrid.ai
dm-eu.hybrid.ai
sync.upravel.com
ssp.bestssp.com
sync.upravel.com
ssp.bestssp.com
sync.adspend.space
sync.adspend.space
sync.1dmp.io
sync.1dmp.io
ssp.bidvol.com
match.new-programmatic.com
ssp.bidvol.com
s.uuidksinc.net
match.new-programmatic.com
pix.bumlam.com
sync.bumlam.com
sync.gonet-ads.com
s.uuidksinc.net
sync.bumlam.com
sync.gonet-ads.com
nr.bidderstack.com
nr.bidderstack.com
cs.agency2.ru
cs.agency2.ru
sp.ohmy.bid
sp.ohmy.bid
sync.programmatica.com
pix.bumlam.com
sync.programmatica.com
kimberlite.io
adx.com.ru
adx.com.ru
kimberlite.io
ocsp.globalsign.com
ocsp.globalsign.com
ocsp.globalsign.com
match.qtarget.tech
match.qtarget.tech
shopnetic.com
shopnetic.com
sync.dmp.melvad.com
matching.truffle.bid
sync.dmp.melvad.com
matching.truffle.bid
sync.opendsp.ru
sync.opendsp.ru
sync.republer.com
sync.republer.com
4765b0a6-3e46-4ae8-57b5-0e9a93c7be21-bzl.ops.beeline.ru
4765b0a6-3e46-4ae8-57b5-0e9a93c7be21-bzl.ops.beeline.ru
safebrowsing.googleapis.com
7213031956045709443-otm.ops.beeline.ru
7213031956045709443-otm.ops.beeline.ru
pub-eu.p.otm-r.com
pub-eu.p.otm-r.com
pub-eu.p.otm-r.com
pub-eu.p.otm-r.com
pub-eu.p.otm-r.com
pub-eu.p.otm-r.com
stats.seedr.com
stats.seedr.com
stats.seedr.com
stats.seedr.com
stats.seedr.com
stats.seedr.com
stats.seedr.com
stats.seedr.com
stats.seedr.com
stats.seedr.com
stats.seedr.com
stats.seedr.com
stats.seedr.com
stats.seedr.com
stats.seedr.com
stats.seedr.com
stats.seedr.com
stats.seedr.com
stats.seedr.com
stats.seedr.com
stats.seedr.com
stats.seedr.com
stats.seedr.com
stats.seedr.com
stats.seedr.com
stats.seedr.com
stats.seedr.com
stats.seedr.com
stats.seedr.com
stats.seedr.com
stats.seedr.com
stats.seedr.com
stats.seedr.com
stats.seedr.com
stats.seedr.com
stats.seedr.com
stats.seedr.com
stats.seedr.com
stats.seedr.com
stats.seedr.com
stats.seedr.com
stats.seedr.com
stats.seedr.com
stats.seedr.com
stats.seedr.com
stats.seedr.com
stats.seedr.com
stats.seedr.com
stats.seedr.com
stats.seedr.com
stats.seedr.com
stats.seedr.com
stats.seedr.com
stats.seedr.com
stats.seedr.com
stats.seedr.com
stats.seedr.com
stats.seedr.com
stats.seedr.com
stats.seedr.com
stats.seedr.com
stats.seedr.com
stats.seedr.com
stats.seedr.com
moevideo.biz
moevideo.biz
playreplay.me
playreplay.me
thesame.tv
thesame.tv
cs-0.moevideo.biz
cs-0.moevideo.biz
playreplay.net
playreplay.net
ocsp2.globalsign.com
moe.video
moe.video
am-0.moevideo.biz
am-0.moevideo.biz
rtb.com.ru
rtb.com.ru
inv-nets.admixer.net
inv-nets.admixer.net
sync.dsp.solta.io
sync.dsp.solta.io
serving.laimroll.ru
serving.laimroll.ru
ad.video-mech.ru
ad.video-mech.ru
cdnnew.video-mech.ru
cdnnew.video-mech.ru
stats.seedr.com
stats.seedr.com
stats.seedr.com
stats.seedr.com
stats.seedr.com
stats.seedr.com
stats.seedr.com
stats.seedr.com
stats.seedr.com
stats.seedr.com
stats.seedr.com
stats.seedr.com
stats.seedr.com
stats.seedr.com
stats.seedr.com
stats.seedr.com
stats.seedr.com
stats.seedr.com
stats.seedr.com
stats.seedr.com
stats.seedr.com
stats.seedr.com
stats.seedr.com
stats.seedr.com
stats.seedr.com
stats.seedr.com
stats.seedr.com
stats.seedr.com
stats.seedr.com
stats.seedr.com
stats.seedr.com
stats.seedr.com
stats.seedr.com
stats.seedr.com
stats.seedr.com
stats.seedr.com
stats.seedr.com
stats.seedr.com
stats.seedr.com
stats.seedr.com
stats.seedr.com
stats.seedr.com
stats.seedr.com
stats.seedr.com
stats.seedr.com
stats.seedr.com
stats.seedr.com
stats.seedr.com
stats.seedr.com
stats.seedr.com
stats.seedr.com
stats.seedr.com
stats.seedr.com
stats.seedr.com
stats.seedr.com
stats.seedr.com
stats.seedr.com
stats.seedr.com
stats.seedr.com
stats.seedr.com
stats.seedr.com
stats.seedr.com
stats.seedr.com
stats.seedr.com
stats.seedr.com
stats.seedr.com
stats.seedr.com
stats.seedr.com
stats.seedr.com
stats.seedr.com
stats.seedr.com
stats.seedr.com
stats.seedr.com
stats.seedr.com
stats.seedr.com
stats.seedr.com
stats.seedr.com
stats.seedr.com
stats.seedr.com
stats.seedr.com
stats.seedr.com
stats.seedr.com
stats.seedr.com
stats.seedr.com
stats.seedr.com
stats.seedr.com
stats.seedr.com
stats.seedr.com
stats.seedr.com
stats.seedr.com
stats.seedr.com
stats.seedr.com
stats.seedr.com
stats.seedr.com
stats.seedr.com
stats.seedr.com
weborama.utraff.com
weborama.utraff.com
sync.s13.icontextdev.ru
a.udsp.io
sync.s13.icontextdev.ru
a.udsp.io
sync.s13.icontextdev.ru
sync.s13.icontextdev.ru
sync.s13.icontextdev.ru
sync.s13.icontextdev.ru
sync.s13.icontextdev.ru
sync.s13.icontextdev.ru
sync.s13.icontextdev.ru
sync.s13.icontextdev.ru
sync.s13.icontextdev.ru
sync.s13.icontextdev.ru
sync.s13.icontextdev.ru
sync.s13.icontextdev.ru
sync.s13.icontextdev.ru
sync.s13.icontextdev.ru
dm.hybrid.ai
dm.hybrid.ai
www.softodrom.ru
www.softodrom.ru
bs.yandex.ru
bs.yandex.ru
ocsp.globalsign.com
ocsp.globalsign.com
soft.softodrom.ru
soft.softodrom.ru
www.freesoft-download.narod.ru
www.freesoft-download.narod.ru
www.freesoft-download.narod.ru
s207.ucoz.net
s207.ucoz.net
cdn.adlook.me
www.acint.net
www.softodrom.ru
www.softodrom.ru
utraff.com
utraff.com
tube.buzzoola.com
showjet.tv
showjet.tv
www.googletagmanager.com
www.googletagmanager.com
fonts.googleapis.com
fonts.googleapis.com
showjet.tv
imasdk.googleapis.com
imasdk.googleapis.com
st-01.showjet.ru
st-01.showjet.ru
st-01.showjet.ru
csi.gstatic.com
csi.gstatic.com
ssp-rtb.sape.ru
ssp-rtb.sape.ru
stats.seedr.com
stats.seedr.com
stats.seedr.com
stats.seedr.com
stats.seedr.com
stats.seedr.com
stats.seedr.com
stats.seedr.com
stats.seedr.com
stats.seedr.com
stats.seedr.com
stats.seedr.com
stats.seedr.com
stats.seedr.com
stats.seedr.com
stats.seedr.com
stats.seedr.com
stats.seedr.com
stats.seedr.com
stats.seedr.com
stats.seedr.com
stats.seedr.com
stats.seedr.com
stats.seedr.com
stats.seedr.com
stats.seedr.com
stats.seedr.com
stats.seedr.com
stats.seedr.com
stats.seedr.com
stats.seedr.com
stats.seedr.com
stats.seedr.com
stats.seedr.com
stats.seedr.com
stats.seedr.com
stats.seedr.com
stats.seedr.com
stats.seedr.com
stats.seedr.com
stats.seedr.com
stats.seedr.com
stats.seedr.com
stats.seedr.com
stats.seedr.com
stats.seedr.com
stats.seedr.com
stats.seedr.com
stats.seedr.com
stats.seedr.com
stats.seedr.com
stats.seedr.com
stats.seedr.com
stats.seedr.com
stats.seedr.com
stats.seedr.com
stats.seedr.com
stats.seedr.com
stats.seedr.com
stats.seedr.com
stats.seedr.com
stats.seedr.com
stats.seedr.com
stats.seedr.com
moevideo.biz
moevideo.biz
moe.video
moe.video
am-0.moevideo.biz
am-0.moevideo.biz
serving.laimroll.ru
ad.video-mech.ru
ad.video-mech.ru
ad.video-mech.ru
cdnnew.video-mech.ru
cdnnew.video-mech.ru
safebrowsing.googleapis.com
stats.seedr.com
stats.seedr.com
stats.seedr.com
stats.seedr.com
stats.seedr.com
stats.seedr.com
stats.seedr.com
stats.seedr.com
stats.seedr.com
stats.seedr.com
stats.seedr.com
stats.seedr.com
stats.seedr.com
stats.seedr.com
stats.seedr.com
stats.seedr.com
stats.seedr.com
stats.seedr.com
stats.seedr.com
stats.seedr.com
stats.seedr.com
stats.seedr.com
stats.seedr.com
stats.seedr.com
stats.seedr.com
stats.seedr.com
stats.seedr.com
stats.seedr.com
stats.seedr.com
stats.seedr.com
stats.seedr.com
stats.seedr.com
stats.seedr.com
stats.seedr.com
stats.seedr.com
stats.seedr.com
stats.seedr.com
stats.seedr.com
stats.seedr.com
stats.seedr.com
stats.seedr.com
stats.seedr.com
stats.seedr.com
stats.seedr.com
stats.seedr.com
stats.seedr.com
stats.seedr.com
stats.seedr.com
stats.seedr.com
stats.seedr.com
stats.seedr.com
stats.seedr.com
stats.seedr.com
stats.seedr.com
stats.seedr.com
stats.seedr.com
stats.seedr.com
stats.seedr.com
stats.seedr.com
stats.seedr.com
stats.seedr.com
stats.seedr.com
stats.seedr.com
stats.seedr.com
phuckers.narod.ru
phuckers.narod.ru
phuckers.narod.ru
phuckers.narod.ru
s204.ucoz.net
s204.ucoz.net
playreplay.me
playreplay.me
a.utraff.com
a.utraff.com
www.freesoft-download.narod.ru
www.freesoft-download.narod.ru
cdn.adlook.me
utraff.com
utraff.com
showjet.tv
showjet.tv
www.googletagmanager.com
www.googletagmanager.com
fonts.googleapis.com
fonts.googleapis.com
showjet.tv
imasdk.googleapis.com
imasdk.googleapis.com
csi.gstatic.com
csi.gstatic.com
www.google.com
www.google.com
fonts.gstatic.com
fonts.gstatic.com
www.gstatic.com
www.gstatic.com
safebrowsing.googleapis.com
apis.google.com
apis.google.com
adservice.google.com
adservice.google.com
safebrowsing.googleapis.com
play.google.com
play.google.com
googleads.g.doubleclick.net
googleads.g.doubleclick.net
www.foxit.com
www.foxit.com
fonts.googleapis.com
fonts.googleapis.com
static.cloudflareinsights.com
static.cloudflareinsights.com
ocsp.pki.goog
ocsp.pki.goog
fonts.gstatic.com
kit.fontawesome.com
fonts.gstatic.com
kit.fontawesome.com
www.googletagmanager.com
www.googletagmanager.com
ka-f.fontawesome.com
ka-f.fontawesome.com
pi.pardot.com
pi.pardot.com
www.googleoptimize.com
www.googleoptimize.com
bat.bing.com
bat.bing.com
q.quora.com
q.quora.com
villain.kingpinkton.com
unpkg.com
villain.kingpinkton.com
unpkg.com
ocsp.digicert.com
ocsp.digicert.com
scout-cdn.salesloft.com
scout-cdn.salesloft.com
www.google.com
www.google.com
tracking.g2crowd.com
tracking.g2crowd.com
hero.kingpinkton.com
hero.kingpinkton.com
r3.o.lencr.org
r3.o.lencr.org
analytics.google.com
analytics.google.com
scout.salesloft.com
scout.salesloft.com
ocsp.sectigo.com
ocsp.sectigo.com
go.foxitinfo.com
go.foxitinfo.com
musescore.org
musescore.org
fonts.googleapis.com
fonts.googleapis.com
fonts.gstatic.com
fonts.gstatic.com
ocsp.pki.goog
www.youtube.com
www.youtube.com
jnn-pa.googleapis.com
jnn-pa.googleapis.com
www.google.com
www.google.com
i.ytimg.com
i.ytimg.com
yt3.ggpht.com
yt3.ggpht.com
i.ytimg.com
i.ytimg.com
www.youtube.com
www.youtube.com
iodroid.net
iodroid.net
fonts.googleapis.com
fonts.googleapis.com
yandex.ru
ads.digitalcaramel.com
yandex.ru
ads.digitalcaramel.com
www.google.com
www.google.com
ocsp.globalsign.com
ocsp.globalsign.com
www.acint.net
www.acint.net
fonts.gstatic.com
fonts.gstatic.com
www.gstatic.com
www.gstatic.com
yastatic.net
yhb.p.otm-r.com
yhb.p.otm-r.com
yastatic.net
ssp.bidvol.com
ssp-rtb.sape.ru
ssp.bidvol.com
ssp-rtb.sape.ru
exchange.buzzoola.com
exchange.buzzoola.com
relap.io
kdmttk.com
kdmttk.com
exchange.buzzoola.com
relap.io
exchange.buzzoola.com
a.utraff.com
dm-eu.hybrid.ai
a.utraff.com
dm-eu.hybrid.ai
sync.dmp.otm-r.com
sync.dmp.otm-r.com
sync.upravel.com
sync.upravel.com
ssp.bestssp.com
ssp.bestssp.com
sync.adspend.space
sync.adspend.space
sync.dmp.otm-r.com
s.uuidksinc.net
ads.adlook.me
sync.1dmp.io
pix.bumlam.com
sync.bumlam.com
sync.gonet-ads.com
match.new-programmatic.com
sync.dmp.otm-r.com
s.uuidksinc.net
ads.adlook.me
sync.1dmp.io
sync.dmp.otm-r.com
cs.agency2.ru
nr.bidderstack.com
pix.bumlam.com
sync.bumlam.com
sync.gonet-ads.com
match.new-programmatic.com
sp.ohmy.bid
cs.agency2.ru
nr.bidderstack.com
sp.ohmy.bid
sync.programmatica.com
sync.dmp.otm-r.com
kimberlite.io
sync.programmatica.com
kimberlite.io
acint.net
acint.net
safebrowsing.googleapis.com
adx.com.ru
adx.com.ru
r3.o.lencr.org
r3.o.lencr.org
ocsp2.globalsign.com
ocsp2.globalsign.com
092b4080-c803-11ed-a1c4-002590c82437.n2.sync.bumlam.com
092b4080-c803-11ed-a1c4-002590c82437.n2.sync.bumlam.com
avatars.mds.yandex.net
avatars.mds.yandex.net
ysa-static.passport.yandex.ru
ysa-static.passport.yandex.ru
yandex.ru
yandex.ru
avatars.mds.yandex.net
avatars.mds.yandex.net
yastatic.net
yastatic.net
mc.yandex.ru
mc.yandex.ru
forms.yandex.ru
forms.yandex.ru
csp.yandex.net
csp.yandex.net
iodroid-download.net
iodroid-download.net
sb-ssl.google.com
sb-ssl.google.com
www.google.com
www.google.com
fonts.gstatic.com
fonts.gstatic.com
www.gstatic.com
www.gstatic.com
apis.google.com
apis.google.com
adservice.google.com
adservice.google.com
play.google.com
play.google.com
googleads.g.doubleclick.net
googleads.g.doubleclick.net
wotpack.ru
wotpack.ru
cdn.adfinity.pro
cdn.adfinity.pro
yandex.ru
yandex.ru
www.googletagmanager.com
www.googletagmanager.com
newrotatormarch23.bid
newrotatormarch23.bid
yastatic.net
yastatic.net
vak345.com
vak345.com
fonts.googleapis.com
fonts.googleapis.com
code.moviead55.ru
logger.moviead55.ru
code.moviead55.ru
logger.moviead55.ru
fonts.gstatic.com
fonts.gstatic.com
safebrowsing.googleapis.com
serieslife.online
serieslife.online
user91471.clients-cdnnow.ru
user91471.clients-cdnnow.ru
dmp.gotechnology.io
dmp.gotechnology.io
www.acint.net
www.acint.net
dm-eu.hybrid.ai
dm-eu.hybrid.ai
ssp.bidvol.com
ssp.bidvol.com
sync.dmp.otm-r.com
sync.dmp.otm-r.com
exchange.buzzoola.com
sync.dmp.otm-r.com
openfpcdn.io
exchange.buzzoola.com
sync.dmp.otm-r.com
openfpcdn.io
exchange.buzzoola.com
exchange.buzzoola.com
sync.dmp.otm-r.com
sync.dmp.otm-r.com
ocsp.r2m01.amazontrust.com
ocsp.r2m01.amazontrust.com
videotoday.site
videotoday.site
ad.moe.video
ad.moe.video
static.skwstat.ru
static.skwstat.ru
cdn1.moe.video
cdn1.moe.video
j9b7ka.moe.video
j9b7ka.moe.video
player.moe.video
player.moe.video
j9b7ka.moe.video
j9b7ka.moe.video
j9b7ka.moe.video
j9b7ka.moe.video
bd.skwstat.ru
bd.skwstat.ru
moevideo.biz
moevideo.biz
thesame.tv
thesame.tv
playreplay.me
playreplay.me
cs-0.moevideo.biz
playreplay.net
cs-0.moevideo.biz
playreplay.net
moe.video
moe.video
am-0.moevideo.biz
am-0.moevideo.biz
sync.bumlam.com
sync.bumlam.com
sync.upravel.com
sync.upravel.com
match.new-programmatic.com
rtb.com.ru
match.new-programmatic.com
rtb.com.ru
inv-nets.admixer.net
kimberlite.io
inv-nets.admixer.net
sync.dsp.solta.io
kimberlite.io
sync.dsp.solta.io
adx.com.ru
adx.com.ru
showjet.net
showjet.net
showjet.tv
showjet.tv
imasdk.googleapis.com
imasdk.googleapis.com
st-01.showjet.ru
st-01.showjet.ru
tube.buzzoola.com
tube.buzzoola.com
ads.adlook.me
ads.adlook.me
sync.gonet-ads.com
sync.opendsp.ru
sync.gonet-ads.com
sync.opendsp.ru
match.qtarget.tech
match.qtarget.tech
shopnetic.com
shopnetic.com
49020a00-5d72-4825-58d2-375145c32a4b-bzl.ops.beeline.ru
49020a00-5d72-4825-58d2-375145c32a4b-bzl.ops.beeline.ru
sync.dmp.melvad.com
sync.1dmp.io
s.uuidksinc.net
sync.dmp.melvad.com
sync.1dmp.io
s.uuidksinc.net
matching.truffle.bid
matching.truffle.bid
sync.republer.com
sync.republer.com
7213033038361463661-otm.ops.beeline.ru
7213033038361463661-otm.ops.beeline.ru
cdn-rtb.sape.ru
cdn-rtb.sape.ru
csi.gstatic.com
csi.gstatic.com
ssp-rtb.sape.ru
ssp-rtb.sape.ru
pub-eu.p.otm-r.com
pub-eu.p.otm-r.com
pub-eu.p.otm-r.com
pub-eu.p.otm-r.com
pub-eu.p.otm-r.com
pub-eu.p.otm-r.com
acint.net
acint.net
cutt.ly
cutt.ly
cloud.mail.ru
cloud.mail.ru
cloud.imgsmail.ru
cloud.imgsmail.ru
limg.imgsmail.ru
limg.imgsmail.ru
img.imgsmail.ru
img.imgsmail.ru
ocsp.globalsign.com
ocsp.globalsign.com
an.mail.ru
b2.mail.ru
b2.mail.ru
ad.mail.ru
ad.mail.ru
an.mail.ru
rs.mail.ru
rs.mail.ru
portal.mail.ru
portal.mail.ru
top-fwz1.mail.ru
top-fwz1.mail.ru
img1.imgsmail.ru
img1.imgsmail.ru
bar.love.mail.ru
bar.love.mail.ru
trk.mail.ru
trk.mail.ru
bs.yandex.ru
bs.yandex.ru
xray.mail.ru
xray.mail.ru
safebrowsing.googleapis.com
safebrowsing.googleapis.com
r3.mail.ru
r3.mail.ru
r.mradx.net
r.mradx.net
yandex.ru
cspreport.mail.ru
yandex.ru
cspreport.mail.ru
safebrowsing.googleapis.com
safebrowsing.googleapis.com
yastatic.net
yastatic.net
avatars.mds.yandex.net
avatars.mds.yandex.net
serving.laimroll.ru
serving.laimroll.ru
serving.stat-rock.com
serving.stat-rock.com
vast.vihub.ru
vast.vihub.ru
utraff.com
utraff.com
a.utraff.com
a.utraff.com
safebrowsing.googleapis.com
safebrowsing.googleapis.com
weborama.utraff.com
weborama.utraff.com
sync.adspend.space
sync.adspend.space
sync.s13.icontextdev.ru
sync.s13.icontextdev.ru
a.udsp.io
sync.s13.icontextdev.ru
a.udsp.io
sync.s13.icontextdev.ru
safebrowsing.googleapis.com
hcm6yj.moe.video
hcm6yj.moe.video
hcm6yj.moe.video
hcm6yj.moe.video
hcm6yj.moe.video
hcm6yj.moe.video
i.ytimg.com
i.ytimg.com
www.youtube.com
www.youtube.com
static.doubleclick.net
static.doubleclick.net
jnn-pa.googleapis.com
jnn-pa.googleapis.com
fonts.googleapis.com
fonts.googleapis.com
www.google.com
www.google.com
www.acint.net
www.acint.net
fonts.gstatic.com
fonts.gstatic.com
ssp-rtb.sape.ru
ssp-rtb.sape.ru
relap.io
kdmttk.com
www.acint.net
www.gstatic.com
relap.io
www.gstatic.com
raftgame.ru
raftgame.ru
yandex.ru
yandex.ru
ds1.biz
ds1.biz
yastatic.net
yastatic.net
avatars.mds.yandex.net
avatars.mds.yandex.net
favicon.yandex.net
favicon.yandex.net
ysa-static.passport.yandex.ru
ysa-static.passport.yandex.ru
encrypted-tbn0.gstatic.com
encrypted-tbn0.gstatic.com
safebrowsing.googleapis.com
safebrowsing.googleapis.com
apis.google.com
apis.google.com
wotspeak.org
wotspeak.org
yandex.ru
www.google.com
yandex.ru
www.google.com
ads.digitalcaramel.com
fonts.googleapis.com
ads.digitalcaramel.com
fonts.googleapis.com
www.googletagmanager.com
translate.google.com
www.googletagmanager.com
translate.google.com
yastatic.net
yastatic.net
yhb.p.otm-r.com
yhb.p.otm-r.com
ssp.bidvol.com
ssp.bidvol.com
ssp-rtb.sape.ru
ssp-rtb.sape.ru
exchange.buzzoola.com
relap.io
exchange.buzzoola.com
relap.io
exchange.buzzoola.com
hbe199.hybrid.ai
kdmttk.com
exchange.buzzoola.com
hbe199.hybrid.ai
kdmttk.com
fonts.gstatic.com
fonts.gstatic.com
www.gstatic.com
translate.googleapis.com
www.gstatic.com
translate.googleapis.com
ocsp.sectigo.com
ocsp.sectigo.com
safebrowsing.googleapis.com
translate-pa.googleapis.com
translate-pa.googleapis.com
safebrowsing.googleapis.com
avatars.mds.yandex.net
avatars.mds.yandex.net
favicon.yandex.net
favicon.yandex.net
ysa-static.passport.yandex.ru
ysa-static.passport.yandex.ru
storage.mds.yandex.net
storage.mds.yandex.net
safebrowsing.googleapis.com
www.google.com
www.google.com
fonts.gstatic.com
fonts.gstatic.com
www.gstatic.com
www.gstatic.com
adservice.google.com
adservice.google.com
play.google.com
play.google.com
googleads.g.doubleclick.net
googleads.g.doubleclick.net
wotbaza.ru
wotbaza.ru
www.googletagmanager.com
www.googletagmanager.com
cdnjs.cloudflare.com
cdnjs.cloudflare.com
use.fontawesome.com
fonts.googleapis.com
use.fontawesome.com
fonts.googleapis.com
safebrowsing.googleapis.com
wot-lom.com
wot-lom.com
fonts.googleapis.com
fonts.googleapis.com
static.cloudflareinsights.com
static.cloudflareinsights.com
fonts.gstatic.com
fonts.gstatic.com
ocsp.pki.goog
www.googletagmanager.com
www.googletagmanager.com
st.top100.ru
st.top100.ru
www.chatbro.com
www.chatbro.com
lpgs.chatbro.com
lpgs.chatbro.com
ws.chatbro.com
ws.chatbro.com
ws.chatbro.com
ws.chatbro.com
lh3.googleusercontent.com
lh3.googleusercontent.com
ws.chatbro.com
encrypted-tbn0.gstatic.com
encrypted-tbn0.gstatic.com
lh5.googleusercontent.com
lh5.googleusercontent.com
i.ytimg.com
i.ytimg.com
casino.ru
casino.ru
www.youtube.com
www.youtube.com
images.dmca.com
images.dmca.com
media.casino.ru
media.casino.ru
www.googletagmanager.com
www.googletagmanager.com
code-ya.jivosite.com
code-ya.jivosite.com
ocsp.godaddy.com
ocsp.godaddy.com
node-sber1-az2-1.jivosite.com
node-sber1-az2-1.jivosite.com
code.jivo.ru
code.jivo.ru
ocsp2.globalsign.com
ocsp2.globalsign.com
vi-sber1-5.jivosite.com
vi-sber1-5.jivosite.com
vi-sber1-5.jivosite.com
vi-sber1-5.jivosite.com
vi-sber1-5.jivosite.com
vi-sber1-5.jivosite.com
vi-sber1-5.jivosite.com
vi-sber1-5.jivosite.com
t.me
t.me
telegram.org
telegram.org
cdn4.telegram-cdn.org
cdn4.telegram-cdn.org
ocsp.pki.goog
ocsp.pki.goog
